<?xml version="1.0" encoding="UTF-8"?>
<!-- Generated by org.testng.reporters.JUnitReportReporter -->
<testsuite skipped="0" hostname="DESKTOP-GNHENSH" name="org.cts.SampleTestNG3" tests="1" failures="0" timestamp="2020-11-16T19:28:00 IST" time="0.026" errors="0">
  <testcase name="method1" time="0.026" classname="org.cts.SampleTestNG3"/>
  <system-out/>
</testsuite> <!-- org.cts.SampleTestNG3 -->
