<?xml version="1.0" encoding="UTF-8"?>
<!-- Generated by org.testng.reporters.JUnitReportReporter -->
<testsuite skipped="0" hostname="DESKTOP-GNHENSH" name="org.suite.SuiteSample2" tests="1" failures="0" timestamp="2020-11-16T20:39:46 IST" time="0.006" errors="0">
  <testcase name="method3" time="0.006" classname="org.suite.SuiteSample2"/>
  <system-out/>
</testsuite> <!-- org.suite.SuiteSample2 -->
