<?xml version="1.0" encoding="UTF-8"?>
<!-- Generated by org.testng.reporters.JUnitReportReporter -->
<testsuite skipped="0" hostname="DESKTOP-GNHENSH" name="org.suite.CrossBrowser" tests="4" failures="0" timestamp="2020-11-18T08:32:46 IST" time="51.896" errors="0">
  <testcase name="method1" time="29.512" classname="org.suite.CrossBrowser"/>
  <system-out/>
  <testcase name="method2" time="6.946" classname="org.suite.CrossBrowser"/>
  <system-out/>
  <testcase name="method1" time="8.296" classname="org.suite.CrossBrowser"/>
  <system-out/>
  <testcase name="method2" time="7.142" classname="org.suite.CrossBrowser"/>
  <system-out/>
</testsuite> <!-- org.suite.CrossBrowser -->
