<?xml version="1.0" encoding="UTF-8"?>
<!-- Generated by org.testng.reporters.JUnitReportReporter -->
<testsuite skipped="0" hostname="DESKTOP-GNHENSH" name="org.suite.SuiteSample1" tests="1" failures="0" timestamp="2020-11-16T20:38:55 IST" time="0.007" errors="0">
  <testcase name="method2" time="0.007" classname="org.suite.SuiteSample1"/>
  <system-out/>
</testsuite> <!-- org.suite.SuiteSample1 -->
