<?xml version="1.0" encoding="UTF-8"?>
<!-- Generated by org.testng.reporters.JUnitReportReporter -->
<testsuite skipped="0" hostname="DESKTOP-GNHENSH" name="org.suite.Dateprovide" tests="4" failures="0" timestamp="2020-11-18T08:26:38 IST" time="75.488" errors="0">
  <testcase name="method" time="18.606" classname="org.suite.Dateprovide"/>
  <system-out/>
  <testcase name="method" time="19.742" classname="org.suite.Dateprovide"/>
  <system-out/>
  <testcase name="method" time="16.300" classname="org.suite.Dateprovide"/>
  <system-out/>
  <testcase name="method" time="20.840" classname="org.suite.Dateprovide"/>
  <system-out/>
</testsuite> <!-- org.suite.Dateprovide -->
